<?xml version="1.0" encoding="UTF-8"?>
<testsuite name="com.virtuslab.internship.discount.FifteenPercentDiscountTest" tests="4" skipped="0" failures="0" errors="0" timestamp="2022-04-11T17:46:33" hostname="MacBook-Pro-PR.local" time="0.04">
  <properties/>
  <testcase name="shouldApply15PercentDiscountWhenMoreThan3GrainProductsAndShouldNotApply10Percent()" classname="com.virtuslab.internship.discount.FifteenPercentDiscountTest" time="0.03"/>
  <testcase name="shouldApply15PercentDiscountWhenMoreThan3GrainProductsAndShouldApply10Percent()" classname="com.virtuslab.internship.discount.FifteenPercentDiscountTest" time="0.001"/>
  <testcase name="shouldApply15PercentDiscountWhenMoreThan3GrainProducts()" classname="com.virtuslab.internship.discount.FifteenPercentDiscountTest" time="0.001"/>
  <testcase name="shouldNotApply15PercentDiscountWhenLessThan3GrainProducts()" classname="com.virtuslab.internship.discount.FifteenPercentDiscountTest" time="0.006"/>
  <system-out><![CDATA[]]></system-out>
  <system-err><![CDATA[]]></system-err>
</testsuite>
