<?xml version="1.0" encoding="UTF-8"?>
<testsuite name="com.virtuslab.internship.receipt.ReceiptGeneratorTest" tests="1" skipped="0" failures="0" errors="0" timestamp="2022-04-11T15:43:21" hostname="MacBook-Pro-PR.local" time="0.028">
  <properties/>
  <testcase name="shouldGenerateReceiptForGivenBasket()" classname="com.virtuslab.internship.receipt.ReceiptGeneratorTest" time="0.028"/>
  <system-out><![CDATA[]]></system-out>
  <system-err><![CDATA[]]></system-err>
</testsuite>
